<?xml version="1.0" encoding="UTF-8"?>
<!-- Generated by org.testng.reporters.JUnitReportReporter -->
<testsuite hostname="DESKTOP-TOS1AGT" failures="0" tests="1" name="com.nopcommerce.tesCases.TC_LoginTest_001" time="14.053" errors="0" timestamp="2022-05-30T18:38:46 CEST" skipped="0">
  <testcase classname="com.nopcommerce.tesCases.TC_LoginTest_001" name="loginTest" time="14.053"/>
  <system-out/>
</testsuite> <!-- com.nopcommerce.tesCases.TC_LoginTest_001 -->
